c:\users\dell\source\repos\burnprocess\burnprocess\debug\burnprocess.pch
c:\users\dell\source\repos\burnprocess\burnprocess\debug\vc141.pdb
c:\users\dell\source\repos\burnprocess\burnprocess\debug\pch.obj
c:\users\dell\source\repos\burnprocess\burnprocess\debug\mesconnet.obj
c:\users\dell\source\repos\burnprocess\burnprocess\debug\login.obj
c:\users\dell\source\repos\burnprocess\burnprocess\debug\burnprocessdlg.obj
c:\users\dell\source\repos\burnprocess\burnprocess\debug\burnprocess.obj
c:\users\dell\source\repos\burnprocess\burnprocess\debug\.netframework,version=v4.0.assemblyattributes.obj
c:\users\dell\source\repos\burnprocess\burnprocess\debug\.netframework,version=v4.0.assemblyattributes.asm
c:\users\dell\source\repos\burnprocess\debug\burnprocess.exe
c:\users\dell\source\repos\burnprocess\debug\burnprocess.pdb
c:\users\dell\source\repos\burnprocess\burnprocess\debug\burnprocess.tlog\metagen.write.1.tlog
c:\users\dell\source\repos\burnprocess\burnprocess\debug\burnprocess.res
c:\users\dell\source\repos\burnprocess\burnprocess\debug\burnprocess.tlog\cl.command.1.tlog
c:\users\dell\source\repos\burnprocess\burnprocess\debug\burnprocess.tlog\cl.read.1.tlog
c:\users\dell\source\repos\burnprocess\burnprocess\debug\burnprocess.tlog\cl.write.1.tlog
c:\users\dell\source\repos\burnprocess\burnprocess\debug\burnprocess.tlog\link.command.1.tlog
c:\users\dell\source\repos\burnprocess\burnprocess\debug\burnprocess.tlog\link.read.1.tlog
c:\users\dell\source\repos\burnprocess\burnprocess\debug\burnprocess.tlog\link.write.1.tlog
c:\users\dell\source\repos\burnprocess\burnprocess\debug\burnprocess.tlog\metagen.read.1.tlog
c:\users\dell\source\repos\burnprocess\burnprocess\debug\burnprocess.tlog\rc.command.1.tlog
c:\users\dell\source\repos\burnprocess\burnprocess\debug\burnprocess.tlog\rc.read.1.tlog
c:\users\dell\source\repos\burnprocess\burnprocess\debug\burnprocess.tlog\rc.write.1.tlog
c:\users\dell\source\repos\burnprocess\burnprocess\debug\burnprocess.tlog\equiplinkmes.dll.metagen
